2018/11/28 16:23:47 [error] [exception.CHttpException.404] exception 'CHttpException' with message 'Error' in D:\server\prommu.dev\protected\controllers\frontend\UserController.php:1395
Stack trace:
#0 D:\server\prommu.dev\framework\web\actions\CInlineAction.php(49): UserController->actionProjects()
#1 D:\server\prommu.dev\framework\web\CController.php(308): CInlineAction->runWithParams(Array)
#2 D:\server\prommu.dev\framework\web\CController.php(286): CController->runAction(Object(CInlineAction))
#3 D:\server\prommu.dev\framework\web\CController.php(265): CController->runActionWithFilters(Object(CInlineAction), Array)
#4 D:\server\prommu.dev\framework\web\CWebApplication.php(282): CController->run('projects')
#5 D:\server\prommu.dev\framework\web\CWebApplication.php(141): CWebApplication->runController('user/projects')
#6 D:\server\prommu.dev\framework\base\CApplication.php(185): CWebApplication->processRequest()
#7 D:\server\prommu.dev\protected\behaviors\WebApplicationEndBehavior.php(23): CApplication->run()
#8 [internal function]: WebApplicationEndBehavior->runEnd('frontend')
#9 D:\server\prommu.dev\framework\base\CComponent.php(261): call_user_func_array(Array, Array)
#10 D:\server\prommu.dev\index.php(31): CComponent->__call('runEnd', Array)
#11 D:\server\prommu.dev\index.php(31): CWebApplication->runEnd('frontend')
#12 {main}
REQUEST_URI=/user/projects/154332177512961/geo/15642
---
2018/11/28 16:28:55 [error] [exception.CHttpException.404] exception 'CHttpException' with message 'Error' in D:\server\prommu.dev\protected\controllers\frontend\UserController.php:1395
Stack trace:
#0 D:\server\prommu.dev\framework\web\actions\CInlineAction.php(49): UserController->actionProjects()
#1 D:\server\prommu.dev\framework\web\CController.php(308): CInlineAction->runWithParams(Array)
#2 D:\server\prommu.dev\framework\web\CController.php(286): CController->runAction(Object(CInlineAction))
#3 D:\server\prommu.dev\framework\web\CController.php(265): CController->runActionWithFilters(Object(CInlineAction), Array)
#4 D:\server\prommu.dev\framework\web\CWebApplication.php(282): CController->run('projects')
#5 D:\server\prommu.dev\framework\web\CWebApplication.php(141): CWebApplication->runController('user/projects')
#6 D:\server\prommu.dev\framework\base\CApplication.php(185): CWebApplication->processRequest()
#7 D:\server\prommu.dev\protected\behaviors\WebApplicationEndBehavior.php(23): CApplication->run()
#8 [internal function]: WebApplicationEndBehavior->runEnd('frontend')
#9 D:\server\prommu.dev\framework\base\CComponent.php(261): call_user_func_array(Array, Array)
#10 D:\server\prommu.dev\index.php(31): CComponent->__call('runEnd', Array)
#11 D:\server\prommu.dev\index.php(31): CWebApplication->runEnd('frontend')
#12 {main}
REQUEST_URI=/user/projects/154332177512961/geo/156423
---
